2025-01-23 15:38:53,656 - INFO - Successfully logged in to Betfair.
2025-01-23 15:39:13,741 - INFO - Successfully logged in to Betfair.
2025-01-23 15:50:40,880 - INFO - Successfully logged in to Betfair.
2025-01-23 15:51:08,183 - INFO - Successfully logged in to Betfair.
2025-01-23 15:52:06,863 - INFO - Successfully logged in to Betfair.
2025-01-23 15:53:02,834 - INFO - Successfully logged in to Betfair.
2025-01-23 15:53:02,835 - INFO - {'loginStatus': 'BETTING_RESTRICTED_LOCATION'}
2025-01-23 16:19:45,158 - INFO - {'loginStatus': 'BETTING_RESTRICTED_LOCATION'}
2025-01-23 16:24:43,001 - ERROR - Betfair login failed: No session token received.
2025-01-23 16:43:33,601 - ERROR - Betfair login failed: No session token received.
2025-01-23 16:43:55,101 - INFO - {'loginStatus': 'BETTING_RESTRICTED_LOCATION'}
2025-01-23 17:28:28,453 - ERROR - Betfair login failed: HTTPSConnectionPool(host='identitysso-cert.betfair.com', port=443): Max retries exceeded with url: /api/certlogin (Caused by SSLError(SSLEOFError(8, '[SSL: UNEXPECTED_EOF_WHILE_READING] EOF occurred in violation of protocol (_ssl.c:1000)')))
2025-01-23 17:30:45,197 - ERROR - Betfair login failed: HTTPSConnectionPool(host='identitysso-cert.betfair.com', port=443): Max retries exceeded with url: /api/certlogin (Caused by SSLError(SSLEOFError(8, '[SSL: UNEXPECTED_EOF_WHILE_READING] EOF occurred in violation of protocol (_ssl.c:1000)')))
2025-01-23 19:55:41,381 - ERROR - Betfair login failed: HTTPSConnectionPool(host='identitysso-cert.betfair.com', port=443): Max retries exceeded with url: /api/certlogin (Caused by NewConnectionError('<urllib3.connection.HTTPSConnection object at 0x7f376c285fa0>: Failed to establish a new connection: [Errno 113] No route to host'))
2025-01-23 20:01:04,501 - ERROR - Betfair login failed: HTTPSConnectionPool(host='identitysso-cert.betfair.com', port=443): Max retries exceeded with url: /api/certlogin (Caused by NewConnectionError('<urllib3.connection.HTTPSConnection object at 0x7fcae535d490>: Failed to establish a new connection: [Errno 113] No route to host'))
2025-01-23 20:12:59,471 - ERROR - Betfair login failed: HTTPSConnectionPool(host='identitysso-cert.betfair.com.au', port=443): Max retries exceeded with url: /api/certlogin (Caused by NewConnectionError('<urllib3.connection.HTTPSConnection object at 0x7f5dc82e50d0>: Failed to establish a new connection: [Errno 113] No route to host'))
2025-01-23 20:15:31,461 - ERROR - Betfair login failed: HTTPSConnectionPool(host='identitysso-cert.betfair.com.au', port=443): Max retries exceeded with url: /api/certlogin (Caused by NewConnectionError('<urllib3.connection.HTTPSConnection object at 0x7f33a93846b0>: Failed to establish a new connection: [Errno 113] No route to host'))
2025-01-24 07:51:24,295 - ERROR - Betfair login failed: HTTPSConnectionPool(host='identitysso-cert.betfair.com.au', port=443): Max retries exceeded with url: /api/certlogin (Caused by NewConnectionError('<urllib3.connection.HTTPSConnection object at 0x7f10184cbb60>: Failed to establish a new connection: [Errno 113] No route to host'))
2025-01-24 12:54:12,723 - ERROR - Betfair login failed: HTTPSConnectionPool(host='identitysso-cert.betfair.com.au', port=443): Max retries exceeded with url: /api/certlogin (Caused by SSLError(SSLEOFError(8, '[SSL: UNEXPECTED_EOF_WHILE_READING] EOF occurred in violation of protocol (_ssl.c:1000)')))
2025-01-24 13:49:52,941 - ERROR - Betfair login failed: HTTPSConnectionPool(host='identitysso-cert.betfair.com.au', port=443): Max retries exceeded with url: /api/certlogin (Caused by SSLError(SSLEOFError(8, '[SSL: UNEXPECTED_EOF_WHILE_READING] EOF occurred in violation of protocol (_ssl.c:1000)')))
2025-01-24 14:18:25,978 - ERROR - Betfair login failed: HTTPSConnectionPool(host='identitysso-cert.betfair.com.au', port=443): Max retries exceeded with url: /api/certlogin (Caused by SSLError(SSLEOFError(8, '[SSL: UNEXPECTED_EOF_WHILE_READING] EOF occurred in violation of protocol (_ssl.c:1000)')))
2025-01-24 20:25:13,086 - ERROR - Betfair login error: HTTPSConnectionPool(host='identitysso-cert.betfair.com.au', port=443): Max retries exceeded with url: /api/certlogin (Caused by SSLError(SSLEOFError(8, '[SSL: UNEXPECTED_EOF_WHILE_READING] EOF occurred in violation of protocol (_ssl.c:1000)')))
2025-01-24 20:27:15,667 - ERROR - Betfair login error: HTTPSConnectionPool(host='identitysso-cert.betfair.com.au', port=443): Max retries exceeded with url: /api/certlogin (Caused by SSLError(SSLEOFError(8, '[SSL: UNEXPECTED_EOF_WHILE_READING] EOF occurred in violation of protocol (_ssl.c:1000)')))
2025-01-24 20:51:09,701 - ERROR - Betfair login error on attempt 1: HTTPSConnectionPool(host='identitysso-cert.betfair.com.au', port=443): Max retries exceeded with url: /api/certlogin (Caused by SSLError(SSLEOFError(8, '[SSL: UNEXPECTED_EOF_WHILE_READING] EOF occurred in violation of protocol (_ssl.c:1000)')))
2025-01-24 20:52:11,838 - ERROR - Betfair login error on attempt 2: HTTPSConnectionPool(host='identitysso-cert.betfair.com.au', port=443): Max retries exceeded with url: /api/certlogin (Caused by SSLError(SSLEOFError(8, '[SSL: UNEXPECTED_EOF_WHILE_READING] EOF occurred in violation of protocol (_ssl.c:1000)')))
2025-01-24 20:53:14,886 - ERROR - Betfair login error on attempt 3: HTTPSConnectionPool(host='identitysso-cert.betfair.com.au', port=443): Max retries exceeded with url: /api/certlogin (Caused by SSLError(SSLEOFError(8, '[SSL: UNEXPECTED_EOF_WHILE_READING] EOF occurred in violation of protocol (_ssl.c:1000)')))
2025-01-24 20:54:59,501 - ERROR - Betfair login error on attempt 1: HTTPSConnectionPool(host='identitysso-cert.betfair.com.au', port=443): Max retries exceeded with url: /api/certlogin (Caused by SSLError(SSLEOFError(8, '[SSL: UNEXPECTED_EOF_WHILE_READING] EOF occurred in violation of protocol (_ssl.c:1000)')))
2025-01-24 21:48:28,402 - ERROR - Betfair login error on attempt 1: HTTPSConnectionPool(host='identitysso-cert.betfair.com.au', port=443): Max retries exceeded with url: /api/certlogin (Caused by SSLError(SSLEOFError(8, '[SSL: UNEXPECTED_EOF_WHILE_READING] EOF occurred in violation of protocol (_ssl.c:1000)')))
2025-01-24 22:01:09,148 - ERROR - Betfair login error on attempt 1: HTTPSConnectionPool(host='identitysso-cert.betfair.com.au', port=443): Max retries exceeded with url: /api/certlogin (Caused by SSLError(SSLEOFError(8, '[SSL: UNEXPECTED_EOF_WHILE_READING] EOF occurred in violation of protocol (_ssl.c:1000)')))
2025-01-24 22:02:11,465 - ERROR - Betfair login error on attempt 2: HTTPSConnectionPool(host='identitysso-cert.betfair.com.au', port=443): Max retries exceeded with url: /api/certlogin (Caused by SSLError(SSLEOFError(8, '[SSL: UNEXPECTED_EOF_WHILE_READING] EOF occurred in violation of protocol (_ssl.c:1000)')))
2025-01-24 22:10:25,425 - ERROR - Betfair login error on attempt 1: HTTPSConnectionPool(host='identitysso-cert.betfair.com.au', port=443): Max retries exceeded with url: /api/certlogin (Caused by SSLError(SSLEOFError(8, '[SSL: UNEXPECTED_EOF_WHILE_READING] EOF occurred in violation of protocol (_ssl.c:1000)')))
2025-01-25 00:11:21,077 - INFO - Betfair login successful.
2025-01-26 00:04:42,101 - ERROR - Betfair login error on attempt 1: HTTPSConnectionPool(host='identitysso-cert.betfair.com.au', port=443): Max retries exceeded with url: /api/certlogin (Caused by SSLError(SSLEOFError(8, '[SSL: UNEXPECTED_EOF_WHILE_READING] EOF occurred in violation of protocol (_ssl.c:1000)')))
2025-01-26 00:06:19,625 - ERROR - Betfair login error on attempt 1: HTTPSConnectionPool(host='identitysso-cert.betfair.com.au', port=443): Max retries exceeded with url: /api/certlogin (Caused by SSLError(SSLEOFError(8, '[SSL: UNEXPECTED_EOF_WHILE_READING] EOF occurred in violation of protocol (_ssl.c:1000)')))
2025-01-26 00:08:53,607 - ERROR - Betfair login error on attempt 1: HTTPSConnectionPool(host='identitysso-cert.betfair.com.au', port=443): Max retries exceeded with url: /api/certlogin (Caused by SSLError(SSLEOFError(8, '[SSL: UNEXPECTED_EOF_WHILE_READING] EOF occurred in violation of protocol (_ssl.c:1000)')))
2025-01-26 00:09:55,554 - ERROR - Betfair login error on attempt 2: HTTPSConnectionPool(host='identitysso-cert.betfair.com.au', port=443): Max retries exceeded with url: /api/certlogin (Caused by SSLError(SSLEOFError(8, '[SSL: UNEXPECTED_EOF_WHILE_READING] EOF occurred in violation of protocol (_ssl.c:1000)')))
2025-01-26 00:14:27,481 - ERROR - Betfair login error on attempt 1: HTTPSConnectionPool(host='identitysso-cert.betfair.com.au', port=443): Max retries exceeded with url: /api/certlogin (Caused by SSLError(SSLEOFError(8, '[SSL: UNEXPECTED_EOF_WHILE_READING] EOF occurred in violation of protocol (_ssl.c:1000)')))
2025-01-26 00:20:42,356 - ERROR - Betfair login error on attempt 1: HTTPSConnectionPool(host='identitysso-cert.betfair.com.au', port=443): Max retries exceeded with url: /api/certlogin (Caused by SSLError(SSLEOFError(8, '[SSL: UNEXPECTED_EOF_WHILE_READING] EOF occurred in violation of protocol (_ssl.c:1000)')))
2025-01-26 00:54:41,815 - ERROR - Betfair login error on attempt 1: HTTPSConnectionPool(host='identitysso-cert.betfair.com.au', port=443): Max retries exceeded with url: /api/certlogin (Caused by SSLError(SSLEOFError(8, '[SSL: UNEXPECTED_EOF_WHILE_READING] EOF occurred in violation of protocol (_ssl.c:1000)')))
2025-01-26 00:55:43,850 - ERROR - Betfair login error on attempt 2: HTTPSConnectionPool(host='identitysso-cert.betfair.com.au', port=443): Max retries exceeded with url: /api/certlogin (Caused by SSLError(SSLEOFError(8, '[SSL: UNEXPECTED_EOF_WHILE_READING] EOF occurred in violation of protocol (_ssl.c:1000)')))
2025-01-26 00:56:46,896 - ERROR - Betfair login error on attempt 3: HTTPSConnectionPool(host='identitysso-cert.betfair.com.au', port=443): Max retries exceeded with url: /api/certlogin (Caused by SSLError(SSLEOFError(8, '[SSL: UNEXPECTED_EOF_WHILE_READING] EOF occurred in violation of protocol (_ssl.c:1000)')))
2025-01-26 14:39:47,043 - INFO - Betfair login successful.
2025-01-27 13:07:56,322 - ERROR - Betfair login error on attempt 1: HTTPSConnectionPool(host='identitysso-cert.betfair.com.au', port=443): Max retries exceeded with url: /api/certlogin (Caused by SSLError(SSLEOFError(8, '[SSL: UNEXPECTED_EOF_WHILE_READING] EOF occurred in violation of protocol (_ssl.c:1000)')))
2025-01-27 13:10:36,068 - ERROR - Betfair login error on attempt 1: HTTPSConnectionPool(host='identitysso-cert.betfair.com.au', port=443): Max retries exceeded with url: /api/certlogin (Caused by SSLError(SSLEOFError(8, '[SSL: UNEXPECTED_EOF_WHILE_READING] EOF occurred in violation of protocol (_ssl.c:1000)')))
2025-01-27 13:16:25,742 - ERROR - Betfair login error on attempt 1: HTTPSConnectionPool(host='identitysso-cert.betfair.com.au', port=443): Max retries exceeded with url: /api/certlogin (Caused by SSLError(SSLEOFError(8, '[SSL: UNEXPECTED_EOF_WHILE_READING] EOF occurred in violation of protocol (_ssl.c:1000)')))
2025-01-27 13:19:50,578 - ERROR - Betfair login error on attempt 1: HTTPSConnectionPool(host='identitysso-cert.betfair.com.au', port=443): Max retries exceeded with url: /api/certlogin (Caused by SSLError(SSLEOFError(8, '[SSL: UNEXPECTED_EOF_WHILE_READING] EOF occurred in violation of protocol (_ssl.c:1000)')))
2025-01-27 13:22:05,003 - ERROR - Betfair login error on attempt 2: HTTPSConnectionPool(host='identitysso-cert.betfair.com.au', port=443): Max retries exceeded with url: /api/certlogin (Caused by SSLError(SSLEOFError(8, '[SSL: UNEXPECTED_EOF_WHILE_READING] EOF occurred in violation of protocol (_ssl.c:1000)')))
2025-01-27 13:23:08,275 - ERROR - Betfair login error on attempt 3: HTTPSConnectionPool(host='identitysso-cert.betfair.com.au', port=443): Max retries exceeded with url: /api/certlogin (Caused by SSLError(SSLEOFError(8, '[SSL: UNEXPECTED_EOF_WHILE_READING] EOF occurred in violation of protocol (_ssl.c:1000)')))
2025-01-27 13:23:42,512 - ERROR - Betfair login error on attempt 1: HTTPSConnectionPool(host='identitysso-cert.betfair.com.au', port=443): Max retries exceeded with url: /api/certlogin (Caused by NameResolutionError("<urllib3.connection.HTTPSConnection object at 0x7f982abd02c0>: Failed to resolve 'identitysso-cert.betfair.com.au' ([Errno -3] Temporary failure in name resolution)"))
2025-01-27 13:24:56,023 - ERROR - Betfair login error on attempt 2: HTTPSConnectionPool(host='identitysso-cert.betfair.com.au', port=443): Max retries exceeded with url: /api/certlogin (Caused by SSLError(SSLEOFError(8, '[SSL: UNEXPECTED_EOF_WHILE_READING] EOF occurred in violation of protocol (_ssl.c:1000)')))
2025-01-27 13:26:03,199 - ERROR - Betfair login error on attempt 3: HTTPSConnectionPool(host='identitysso-cert.betfair.com.au', port=443): Max retries exceeded with url: /api/certlogin (Caused by SSLError(SSLEOFError(8, '[SSL: UNEXPECTED_EOF_WHILE_READING] EOF occurred in violation of protocol (_ssl.c:1000)')))
2025-01-27 13:33:23,843 - ERROR - Betfair login error on attempt 1: HTTPSConnectionPool(host='identitysso-cert.betfair.com.au', port=443): Max retries exceeded with url: /api/certlogin (Caused by SSLError(SSLEOFError(8, '[SSL: UNEXPECTED_EOF_WHILE_READING] EOF occurred in violation of protocol (_ssl.c:1000)')))
2025-01-28 16:04:38,257 - ERROR - Betfair login error on attempt 1: HTTPSConnectionPool(host='identitysso-cert.betfair.com.au', port=443): Max retries exceeded with url: /api/certlogin (Caused by SSLError(SSLEOFError(8, '[SSL: UNEXPECTED_EOF_WHILE_READING] EOF occurred in violation of protocol (_ssl.c:1000)')))
2025-01-28 16:05:52,754 - ERROR - Betfair login error on attempt 2: HTTPSConnectionPool(host='identitysso-cert.betfair.com.au', port=443): Max retries exceeded with url: /api/certlogin (Caused by SSLError(SSLEOFError(8, '[SSL: UNEXPECTED_EOF_WHILE_READING] EOF occurred in violation of protocol (_ssl.c:1000)')))
2025-01-28 16:06:53,782 - ERROR - Betfair login error on attempt 3: ('Connection aborted.', ConnectionResetError(104, 'Connection reset by peer'))
